  8.동물테스트.c
C:\C Lang PJW\CProject\Project1\8.동물테스트.c(18,2): warning C4013: 'system'이(가) 정의되지 않았습니다. extern은 int형을 반환하는 것으로 간주합니다.
C:\C Lang PJW\CProject\Project1\8.동물테스트.c(178,48): error C2143: 구문 오류: ';'이(가) ':' 앞에 없습니다.
C:\C Lang PJW\CProject\Project1\8.동물테스트.c(186,1): error C1004: 예기치 않은 파일의 끝이 나타났습니다.
